Using pre-set license
Built from '2022.3/staging' branch; Version is '2022.3.10f1 (ff3792e53c62) revision 16725906'; Using compiler version '192829333'; Build Type 'Release'
OS: 'Windows 10  (10.0.19045) 64bit Core' Language: 'ru' Physical Memory: 16084 MB
BatchMode: 1, IsHumanControllingUs: 0, StartBugReporterOnCrash: 0, Is64bit: 1, IsPro: 1

COMMAND LINE ARGUMENTS:
C:\Program Files\Unity\Hub\Editor\2022.3.10f1\Editor\Unity.exe
-adb2
-batchMode
-noUpm
-name
AssetImportWorker8
-projectPath
C:/Users/Keks/Documents/GitHub/Rich-Bitch/Rich Bitch
-logFile
Logs/AssetImportWorker8.log
-srvPort
54376
Successfully changed project path to: C:/Users/Keks/Documents/GitHub/Rich-Bitch/Rich Bitch
C:/Users/Keks/Documents/GitHub/Rich-Bitch/Rich Bitch
[UnityMemory] Configuration Parameters - Can be set up in boot.config
    "memorysetup-bucket-allocator-granularity=16"
    "memorysetup-bucket-allocator-bucket-count=8"
    "memorysetup-bucket-allocator-block-size=33554432"
    "memorysetup-bucket-allocator-block-count=8"
    "memorysetup-main-allocator-block-size=16777216"
    "memorysetup-thread-allocator-block-size=16777216"
    "memorysetup-gfx-main-allocator-block-size=16777216"
    "memorysetup-gfx-thread-allocator-block-size=16777216"
    "memorysetup-cache-allocator-block-size=4194304"
    "memorysetup-typetree-allocator-block-size=2097152"
    "memorysetup-profiler-bucket-allocator-granularity=16"
    "memorysetup-profiler-bucket-allocator-bucket-count=8"
    "memorysetup-profiler-bucket-allocator-block-size=33554432"
    "memorysetup-profiler-bucket-allocator-block-count=8"
    "memorysetup-profiler-allocator-block-size=16777216"
    "memorysetup-profiler-editor-allocator-block-size=1048576"
    "memorysetup-temp-allocator-size-main=16777216"
    "memorysetup-job-temp-allocator-block-size=2097152"
    "memorysetup-job-temp-allocator-block-size-background=1048576"
    "memorysetup-job-temp-allocator-reduction-small-platforms=262144"
    "memorysetup-allocator-temp-initial-block-size-main=262144"
    "memorysetup-allocator-temp-initial-block-size-worker=262144"
    "memorysetup-temp-allocator-size-background-worker=32768"
    "memorysetup-temp-allocator-size-job-worker=262144"
    "memorysetup-temp-allocator-size-preload-manager=33554432"
    "memorysetup-temp-allocator-size-nav-mesh-worker=65536"
    "memorysetup-temp-allocator-size-audio-worker=65536"
    "memorysetup-temp-allocator-size-cloud-worker=32768"
    "memorysetup-temp-allocator-size-gi-baking-worker=262144"
    "memorysetup-temp-allocator-size-gfx=262144"
Player connection [29780] Host "[IP] 26.228.32.6 [Port] 0 [Flags] 2 [Guid] 887385571 [EditorId] 887385571 [Version] 1048832 [Id] WindowsEditor(7,DESKTOP-NOOPJVQ) [Debug] 1 [PackageName] WindowsEditor [ProjectName] Editor" joined multi-casting on [225.0.0.222:54997]...

Player connection [29780] Host "[IP] 26.228.32.6 [Port] 0 [Flags] 2 [Guid] 887385571 [EditorId] 887385571 [Version] 1048832 [Id] WindowsEditor(7,DESKTOP-NOOPJVQ) [Debug] 1 [PackageName] WindowsEditor [ProjectName] Editor" joined alternative multi-casting on [225.0.0.222:34997]...

[Physics::Module] Initialized MultithreadedJobDispatcher with 15 workers.
Refreshing native plugins compatible for Editor in 8.10 ms, found 3 plugins.
Preloading 0 native plugins for Editor in 0.00 ms.
Initialize engine version: 2022.3.10f1 (ff3792e53c62)
[Subsystems] Discovering subsystems at path C:/Program Files/Unity/Hub/Editor/2022.3.10f1/Editor/Data/Resources/UnitySubsystems
[Subsystems] Discovering subsystems at path C:/Users/Keks/Documents/GitHub/Rich-Bitch/Rich Bitch/Assets
GfxDevice: creating device client; threaded=0; jobified=0
Direct3D:
    Version:  Direct3D 11.0 [level 11.1]
    Renderer: NVIDIA GeForce RTX 3050 Laptop GPU (ID=0x25a2)
    Vendor:   NVIDIA
    VRAM:     3965 MB
    Driver:   31.0.15.5222
Initialize mono
Mono path[0] = 'C:/Program Files/Unity/Hub/Editor/2022.3.10f1/Editor/Data/Managed'
Mono path[1] = 'C:/Program Files/Unity/Hub/Editor/2022.3.10f1/Editor/Data/MonoBleedingEdge/lib/mono/unityjit-win32'
Mono config path = 'C:/Program Files/Unity/Hub/Editor/2022.3.10f1/Editor/Data/MonoBleedingEdge/etc'
Using monoOptions --debugger-agent=transport=dt_socket,embedding=1,server=y,suspend=n,address=127.0.0.1:56792
Begin MonoManager ReloadAssembly
Registering precompiled unity dll's ...
Register platform support module: C:/Program Files/Unity/Hub/Editor/2022.3.10f1/Editor/Data/PlaybackEngines/WebGLSupport/UnityEditor.WebGL.Extensions.dll
Register platform support module: C:/Program Files/Unity/Hub/Editor/2022.3.10f1/Editor/Data/PlaybackEngines/AndroidPlayer/UnityEditor.Android.Extensions.dll
Register platform support module: C:/Program Files/Unity/Hub/Editor/2022.3.10f1/Editor/Data/PlaybackEngines/WindowsStandaloneSupport/UnityEditor.WindowsStandalone.Extensions.dll
Registered in 0.012392 seconds.
- Loaded All Assemblies, in  0.438 seconds
Native extension for WindowsStandalone target not found
Native extension for Android target not found
Android Extension - Scanning For ADB Devices 310 ms
Native extension for WebGL target not found
Mono: successfully reloaded assembly
- Finished resetting the current domain, in  0.706 seconds
Domain Reload Profiling: 1142ms
	BeginReloadAssembly (114ms)
		ExecutionOrderSort (0ms)
		DisableScriptedObjects (0ms)
		BackupInstance (0ms)
		ReleaseScriptingObjects (0ms)
		CreateAndSetChildDomain (1ms)
	RebuildCommonClasses (41ms)
	RebuildNativeTypeToScriptingClass (13ms)
	initialDomainReloadingComplete (75ms)
	LoadAllAssembliesAndSetupDomain (193ms)
		LoadAssemblies (114ms)
		RebuildTransferFunctionScriptingTraits (0ms)
		AnalyzeDomain (190ms)
			TypeCache.Refresh (188ms)
				TypeCache.ScanAssembly (157ms)
			ScanForSourceGeneratedMonoScriptInfo (1ms)
			ResolveRequiredComponents (1ms)
	FinalizeReload (707ms)
		ReleaseScriptCaches (0ms)
		RebuildScriptCaches (0ms)
		SetupLoadedEditorAssemblies (633ms)
			LogAssemblyErrors (0ms)
			InitializePlatformSupportModulesInManaged (449ms)
			SetLoadedEditorAssemblies (5ms)
			RefreshPlugins (0ms)
			BeforeProcessingInitializeOnLoad (3ms)
			ProcessInitializeOnLoadAttributes (121ms)
			ProcessInitializeOnLoadMethodAttributes (56ms)
			AfterProcessingInitializeOnLoad (0ms)
			EditorAssembliesLoaded (0ms)
		ExecutionOrderSort2 (0ms)
		AwakeInstancesAfterBackupRestoration (0ms)
========================================================================
Worker process is ready to serve import requests
Begin MonoManager ReloadAssembly
- Loaded All Assemblies, in  0.801 seconds
Refreshing native plugins compatible for Editor in 3.18 ms, found 3 plugins.
Native extension for WindowsStandalone target not found
Native extension for Android target not found
Native extension for WebGL target not found
Package Manager log level set to [2]
[Package Manager] Server::EnsureServerProcessIsRunning -- launch failed, reason: Unity was launched with the -noUpm command-line argument
[Package Manager] UpmClient::Send -- Unable to send message (not connected to UPM process).
[Package Manager] Cannot connect to Unity Package Manager local server
Mono: successfully reloaded assembly
- Finished resetting the current domain, in  0.705 seconds
Domain Reload Profiling: 1504ms
	BeginReloadAssembly (193ms)
		ExecutionOrderSort (0ms)
		DisableScriptedObjects (6ms)
		BackupInstance (0ms)
		ReleaseScriptingObjects (0ms)
		CreateAndSetChildDomain (38ms)
	RebuildCommonClasses (40ms)
	RebuildNativeTypeToScriptingClass (12ms)
	initialDomainReloadingComplete (50ms)
	LoadAllAssembliesAndSetupDomain (503ms)
		LoadAssemblies (360ms)
		RebuildTransferFunctionScriptingTraits (0ms)
		AnalyzeDomain (248ms)
			TypeCache.Refresh (224ms)
				TypeCache.ScanAssembly (175ms)
			ScanForSourceGeneratedMonoScriptInfo (18ms)
			ResolveRequiredComponents (5ms)
	FinalizeReload (705ms)
		ReleaseScriptCaches (0ms)
		RebuildScriptCaches (0ms)
		SetupLoadedEditorAssemblies (508ms)
			LogAssemblyErrors (0ms)
			InitializePlatformSupportModulesInManaged (31ms)
			SetLoadedEditorAssemblies (6ms)
			RefreshPlugins (0ms)
			BeforeProcessingInitializeOnLoad (73ms)
			ProcessInitializeOnLoadAttributes (365ms)
			ProcessInitializeOnLoadMethodAttributes (26ms)
			AfterProcessingInitializeOnLoad (8ms)
			EditorAssembliesLoaded (0ms)
		ExecutionOrderSort2 (0ms)
		AwakeInstancesAfterBackupRestoration (8ms)
Launched and connected shader compiler UnityShaderCompiler.exe after 0.05 seconds
Refreshing native plugins compatible for Editor in 1.48 ms, found 3 plugins.
Preloading 0 native plugins for Editor in 0.00 ms.
Unloading 3138 Unused Serialized files (Serialized files now loaded: 0)
Unloading 31 unused Assets / (56.6 KB). Loaded Objects now: 3610.
Memory consumption went from 131.7 MB to 131.7 MB.
Total: 2.442300 ms (FindLiveObjects: 0.284000 ms CreateObjectMapping: 0.111000 ms MarkObjects: 1.955800 ms  DeleteObjects: 0.090400 ms)

AssetImportParameters requested are different than current active one (requested -> active):
  custom:container-demuxer-ogg: 62fdf1f143b41e24485cea50d1cbac27 -> 
  custom:video-decoder-ogg-theora: a1e56fd34408186e4bbccfd4996cb3dc -> 
  custom:framework-win-MediaFoundation: 216162199b28c13a410421893ffa2e32 -> 
  custom:CustomObjectIndexerAttribute: 756ad292c208cfabdd7b50bc23989ffe -> 
  custom:container-demuxer-webm: 4f35f7cbe854078d1ac9338744f61a02 -> 
  custom:container-muxer-webm: aa71ff27fc2769a1b78a27578f13a17b -> 
  custom:video-decoder-webm-vp8: 9c59270c3fd7afecdb556c50c9e8de78 -> 
  custom:SearchIndexIgnoredProperties: e643bd26f0fe6173181afceb89e7c659 -> 
  custom:AudioImporter_EditorPlatform: d09bf68614088b80899f8185d706f6e7 -> 
  custom:video-encoder-webm-vp8: eb34c28f22e8b96e1ab97ce403110664 -> 
  custom:audio-decoder-ogg-vorbis: bf7c407c2cedff20999df2af8eb42d56 -> 
  custom:audio-encoder-webm-vorbis: bf7c407c2cedff20999df2af8eb42d56 -> 
========================================================================
Received Import Request.
  Time since last request: 21113.817125 seconds.
  path: Assets/Asset/Visual/Texture2D/horizontalslider.png
  artifactKey: Guid(b17b47c9e8d0d3d449968888b18652dd) Importer(815301076,1909f56bfc062723c751e8b465ee728b)
Start importing Assets/Asset/Visual/Texture2D/horizontalslider.png using Guid(b17b47c9e8d0d3d449968888b18652dd) Importer(815301076,1909f56bfc062723c751e8b465ee728b)  -> (artifact id: '68ab0c7d39e3cec848f40c3f1cd15073') in 0.089369 seconds
Number of updated asset objects reloaded before import = 0
Number of asset objects unloaded after import = 2
========================================================================
Received Import Request.
  Time since last request: 0.000018 seconds.
  path: Assets/Asset/Visual/Texture2D/interrogation.png
  artifactKey: Guid(6778eb2f1c2a2a94fb6c60a0329a32c5) Importer(815301076,1909f56bfc062723c751e8b465ee728b)
Start importing Assets/Asset/Visual/Texture2D/interrogation.png using Guid(6778eb2f1c2a2a94fb6c60a0329a32c5) Importer(815301076,1909f56bfc062723c751e8b465ee728b)  -> (artifact id: 'f5ecd2c19ee701f9b7d1c91dec371411') in 0.028288 seconds
Number of updated asset objects reloaded before import = 0
Number of asset objects unloaded after import = 2
========================================================================
Received Import Request.
  Time since last request: 0.000382 seconds.
  path: Assets/Asset/Visual/Texture2D/Indian_Thumbnail.png
  artifactKey: Guid(0b6fa42f565451d43966edea25e2b595) Importer(815301076,1909f56bfc062723c751e8b465ee728b)
Start importing Assets/Asset/Visual/Texture2D/Indian_Thumbnail.png using Guid(0b6fa42f565451d43966edea25e2b595) Importer(815301076,1909f56bfc062723c751e8b465ee728b)  -> (artifact id: 'c8ca5f77b71a6238552e6479b152244c') in 0.034697 seconds
Number of updated asset objects reloaded before import = 0
Number of asset objects unloaded after import = 2
========================================================================
Received Import Request.
  Time since last request: 0.371589 seconds.
  path: Assets/Asset/Visual/Texture2D/grass_darker.png
  artifactKey: Guid(915568abafdc9dd4fac82e95e175f988) Importer(815301076,1909f56bfc062723c751e8b465ee728b)
Start importing Assets/Asset/Visual/Texture2D/grass_darker.png using Guid(915568abafdc9dd4fac82e95e175f988) Importer(815301076,1909f56bfc062723c751e8b465ee728b)  -> (artifact id: '3d503ce9f2c10994be56d62d01009052') in 0.025602 seconds
Number of updated asset objects reloaded before import = 0
Number of asset objects unloaded after import = 2
========================================================================
Received Import Request.
  Time since last request: 0.000021 seconds.
  path: Assets/Asset/Visual/Texture2D/Ground.png
  artifactKey: Guid(5969b72fcf7f3cc4d959f77c1a8c94b7) Importer(815301076,1909f56bfc062723c751e8b465ee728b)
Start importing Assets/Asset/Visual/Texture2D/Ground.png using Guid(5969b72fcf7f3cc4d959f77c1a8c94b7) Importer(815301076,1909f56bfc062723c751e8b465ee728b)  -> (artifact id: '44e03dc7a7aabb068f7e0711eaaf6ed8') in 0.019710 seconds
Number of updated asset objects reloaded before import = 0
Number of asset objects unloaded after import = 2
========================================================================
Received Import Request.
  Time since last request: 0.000030 seconds.
  path: Assets/Asset/Visual/Texture2D/hide.png
  artifactKey: Guid(eeed5143ca2cf464bb18848b2220d4ee) Importer(815301076,1909f56bfc062723c751e8b465ee728b)
Start importing Assets/Asset/Visual/Texture2D/hide.png using Guid(eeed5143ca2cf464bb18848b2220d4ee) Importer(815301076,1909f56bfc062723c751e8b465ee728b)  -> (artifact id: 'ef62913cdfca4e9cbaf81d12c86fea40') in 0.026667 seconds
Number of updated asset objects reloaded before import = 0
Number of asset objects unloaded after import = 2
========================================================================
Received Import Request.
  Time since last request: 0.000019 seconds.
  path: Assets/Asset/Visual/Texture2D/ground_plateforme.png
  artifactKey: Guid(e4a9d5137fa415d4da8e5a84488da686) Importer(815301076,1909f56bfc062723c751e8b465ee728b)
Start importing Assets/Asset/Visual/Texture2D/ground_plateforme.png using Guid(e4a9d5137fa415d4da8e5a84488da686) Importer(815301076,1909f56bfc062723c751e8b465ee728b)  -> (artifact id: 'b459cb467c3af23780870ecaa5548107') in 0.025516 seconds
Number of updated asset objects reloaded before import = 0
Number of asset objects unloaded after import = 2
========================================================================
Received Import Request.
  Time since last request: 2.965451 seconds.
  path: Assets/Asset/Visual/Texture2D/gauge_full.png
  artifactKey: Guid(abcd298e6edc45a4d8603fadd9b4c29a) Importer(815301076,1909f56bfc062723c751e8b465ee728b)
Start importing Assets/Asset/Visual/Texture2D/gauge_full.png using Guid(abcd298e6edc45a4d8603fadd9b4c29a) Importer(815301076,1909f56bfc062723c751e8b465ee728b)  -> (artifact id: '8a1c6e6033fdfa784cba412fc6d428a5') in 0.021986 seconds
Number of updated asset objects reloaded before import = 0
Number of asset objects unloaded after import = 2
========================================================================
Received Import Request.
  Time since last request: 0.000018 seconds.
  path: Assets/Asset/Visual/Texture2D/gem_smoke.png
  artifactKey: Guid(c3b29cafc7c310d479c3e65233373672) Importer(815301076,1909f56bfc062723c751e8b465ee728b)
Start importing Assets/Asset/Visual/Texture2D/gem_smoke.png using Guid(c3b29cafc7c310d479c3e65233373672) Importer(815301076,1909f56bfc062723c751e8b465ee728b)  -> (artifact id: '5f0e09f460234590942a18fc6a95ba55') in 0.027199 seconds
Number of updated asset objects reloaded before import = 0
Number of asset objects unloaded after import = 2
========================================================================
Received Import Request.
  Time since last request: 0.000018 seconds.
  path: Assets/Asset/Visual/Texture2D/gold_bills.png
  artifactKey: Guid(d0b703a80fa59e54daa3fb9eb02e09eb) Importer(815301076,1909f56bfc062723c751e8b465ee728b)
Start importing Assets/Asset/Visual/Texture2D/gold_bills.png using Guid(d0b703a80fa59e54daa3fb9eb02e09eb) Importer(815301076,1909f56bfc062723c751e8b465ee728b)  -> (artifact id: 'c370f53179cdea40999e27692205edb2') in 0.033355 seconds
Number of updated asset objects reloaded before import = 0
Number of asset objects unloaded after import = 2
Editor requested this worker to shutdown with reason: Scaling down because of idle timeout
TcpMessagingSession - receive error: operation aborted. errorcode: 995, details: ќпераци€ ввода/вывода была прервана из-за завершени€ потока команд или по запросу приложени€.
AssetImportWorker is now disconnected from the server
Process exiting
Exiting without the bug reporter. Application will terminate with return code 0